<?xml version="1.0" encoding="UTF-8"?>
<!-- Generated by org.testng.reporters.JUnitReportReporter -->
<testsuite hostname="LAPTOP-GKOJRE52" failures="0" tests="1" name="com.tests.FirstProgram" time="14.139" errors="0" timestamp="2022-01-29T15:13:35 IST" skipped="0">
  <testcase classname="com.tests.FirstProgram" name="start" time="14.139"/>
  <system-out/>
</testsuite> <!-- com.tests.FirstProgram -->
